Edith/app/build/intermediates/manifest_merge_blame_file/debug/manifest-merger-blame-debug-report.txt
1<?xml version="1.0" encoding="utf-8"?>
2<manifest xmlns:android="http://schemas.android.com/apk/res/android"
3    package="com.example.edith"
4    android:versionCode="1"
5    android:versionName="1.0" >
6
7    <uses-sdk
8        android:minSdkVersion="24"
8-->src/main/AndroidManifest.xml
9        android:targetSdkVersion="28" />
9-->src/main/AndroidManifest.xml
10
11    <uses-permission android:name="android.permission.READ_EXTERNAL_STORAGE" />
11-->src/main/AndroidManifest.xml:33:5-80
11-->src/main/AndroidManifest.xml:33:22-77
12    <uses-permission android:name="android.permission.WAKE_LOCK" />
12-->src/main/AndroidManifest.xml:34:5-68
12-->src/main/AndroidManifest.xml:34:22-65
13    <uses-permission android:name="android.permission.INTERNET" />
13-->src/main/AndroidManifest.xml:36:5-67
13-->src/main/AndroidManifest.xml:36:22-64
14
15    <!-- Although the *SdkVersion is captured in gradle build files, this is required for non gradle builds -->
16    <!-- <uses-sdk android:minSdkVersion="14" /> -->
17    <uses-permission android:name="android.permission.ACCESS_NETWORK_STATE" />
17-->[com.google.firebase:firebase-firestore:22.1.2] AndroidManifest.xml:13:5-79
17-->[com.google.firebase:firebase-firestore:22.1.2] AndroidManifest.xml:13:22-76
18    <uses-permission android:name="com.google.android.finsky.permission.BIND_GET_INSTALL_REFERRER_SERVICE" />
18-->[com.google.android.gms:play-services-measurement:18.0.2] AndroidManifest.xml:26:5-110
18-->[com.google.android.gms:play-services-measurement:18.0.2] AndroidManifest.xml:26:22-107
19
20    <application
20-->src/main/AndroidManifest.xml:5:5-31:19
21        android:allowBackup="true"
21-->src/main/AndroidManifest.xml:6:9-35
22        android:appComponentFactory="androidx.core.app.CoreComponentFactory"
22-->[androidx.core:core:1.1.0] AndroidManifest.xml:24:18-86
23        android:debuggable="true"
24        android:extractNativeLibs="false"
25        android:icon="@mipmap/app_launch"
25-->src/main/AndroidManifest.xml:7:9-42
26        android:label="@string/app_name"
26-->src/main/AndroidManifest.xml:8:9-41
27        android:roundIcon="@mipmap/app_launch_round"
27-->src/main/AndroidManifest.xml:9:9-53
28        android:supportsRtl="true"
28-->src/main/AndroidManifest.xml:10:9-35
29        android:testOnly="true"
30        android:theme="@style/AppTheme" >
30-->src/main/AndroidManifest.xml:11:9-40
31        <activity
31-->src/main/AndroidManifest.xml:12:9-20:20
32            android:name="com.example.edith.LandingActivity"
32-->src/main/AndroidManifest.xml:13:13-44
33            android:label="@string/app_name" >
33-->src/main/AndroidManifest.xml:14:13-45
34            <intent-filter>
34-->src/main/AndroidManifest.xml:15:13-19:29
35                <action android:name="android.intent.action.MAIN" />
35-->src/main/AndroidManifest.xml:16:17-69
35-->src/main/AndroidManifest.xml:16:25-66
36
37                <category android:name="android.intent.category.LAUNCHER" />
37-->src/main/AndroidManifest.xml:18:17-77
37-->src/main/AndroidManifest.xml:18:27-74
38            </intent-filter>
39        </activity>
40        <!--
41               Set to true if your app is Standalone, that is, it does not require the handheld
42               app to run.
43        -->
44        <activity android:name="com.example.edith.login.SignUp" />
44-->src/main/AndroidManifest.xml:25:9-50
44-->src/main/AndroidManifest.xml:25:19-47
45        <activity
45-->src/main/AndroidManifest.xml:26:9-29:59
46            android:name="com.example.edith.NavDrawerHomeActivity"
46-->src/main/AndroidManifest.xml:27:13-50
47            android:label="@string/title_activity_home"
47-->src/main/AndroidManifest.xml:28:13-56
48            android:theme="@style/AppTheme.NoActionBar" />
48-->src/main/AndroidManifest.xml:29:13-56
49        <activity android:name="com.example.edith.login.LoginActivity" />
49-->src/main/AndroidManifest.xml:30:9-56
49-->src/main/AndroidManifest.xml:30:19-54
50
51        <service
51-->[com.google.firebase:firebase-firestore:22.1.2] AndroidManifest.xml:17:9-23:19
52            android:name="com.google.firebase.components.ComponentDiscoveryService"
52-->[com.google.firebase:firebase-firestore:22.1.2] AndroidManifest.xml:18:13-84
53            android:directBootAware="true"
53-->[com.google.firebase:firebase-common:19.5.0] AndroidManifest.xml:35:13-43
54            android:exported="false" >
54-->[com.google.firebase:firebase-firestore:22.1.2] AndroidManifest.xml:19:13-37
55            <meta-data
55-->[com.google.firebase:firebase-firestore:22.1.2] AndroidManifest.xml:20:13-22:85
56                android:name="com.google.firebase.components:com.google.firebase.firestore.FirestoreRegistrar"
56-->[com.google.firebase:firebase-firestore:22.1.2] AndroidManifest.xml:21:17-111
57                android:value="com.google.firebase.components.ComponentRegistrar" />
57-->[com.google.firebase:firebase-firestore:22.1.2] AndroidManifest.xml:22:17-82
58            <meta-data
58-->[com.google.firebase:firebase-auth:20.0.4] AndroidManifest.xml:77:13-79:85
59                android:name="com.google.firebase.components:com.google.firebase.auth.FirebaseAuthRegistrar"
59-->[com.google.firebase:firebase-auth:20.0.4] AndroidManifest.xml:78:17-109
60                android:value="com.google.firebase.components.ComponentRegistrar" />
60-->[com.google.firebase:firebase-auth:20.0.4] AndroidManifest.xml:79:17-82
61            <meta-data
61-->[com.google.firebase:firebase-storage:19.2.2] AndroidManifest.xml:33:13-35:85
62                android:name="com.google.firebase.components:com.google.firebase.storage.StorageRegistrar"
62-->[com.google.firebase:firebase-storage:19.2.2] AndroidManifest.xml:34:17-107
63                android:value="com.google.firebase.components.ComponentRegistrar" />
63-->[com.google.firebase:firebase-storage:19.2.2] AndroidManifest.xml:35:17-82
64            <meta-data
64-->[com.google.firebase:firebase-database:19.7.0] AndroidManifest.xml:32:13-34:85
65                android:name="com.google.firebase.components:com.google.firebase.database.DatabaseRegistrar"
65-->[com.google.firebase:firebase-database:19.7.0] AndroidManifest.xml:33:17-109
66                android:value="com.google.firebase.components.ComponentRegistrar" />
66-->[com.google.firebase:firebase-database:19.7.0] AndroidManifest.xml:34:17-82
67            <meta-data
67-->[com.google.android.gms:play-services-measurement-api:18.0.2] AndroidManifest.xml:30:13-32:85
68                android:name="com.google.firebase.components:com.google.firebase.analytics.connector.internal.AnalyticsConnectorRegistrar"
68-->[com.google.android.gms:play-services-measurement-api:18.0.2] AndroidManifest.xml:31:17-139
69                android:value="com.google.firebase.components.ComponentRegistrar" />
69-->[com.google.android.gms:play-services-measurement-api:18.0.2] AndroidManifest.xml:32:17-82
70            <meta-data
70-->[com.google.firebase:firebase-installations:16.3.5] AndroidManifest.xml:18:13-20:85
71                android:name="com.google.firebase.components:com.google.firebase.installations.FirebaseInstallationsRegistrar"
71-->[com.google.firebase:firebase-installations:16.3.5] AndroidManifest.xml:19:17-127
72                android:value="com.google.firebase.components.ComponentRegistrar" />
72-->[com.google.firebase:firebase-installations:16.3.5] AndroidManifest.xml:20:17-82
73            <!--
74                This registrar is not defined in the dynamic-module-support sdk itself to allow non-firebase
75                clients to use it as well, by defining this registrar in their own core/common library.
76            -->
77            <meta-data
77-->[com.google.firebase:firebase-common:19.5.0] AndroidManifest.xml:43:13-45:85
78                android:name="com.google.firebase.components:com.google.firebase.dynamicloading.DynamicLoadingRegistrar"
78-->[com.google.firebase:firebase-common:19.5.0] AndroidManifest.xml:44:17-121
79                android:value="com.google.firebase.components.ComponentRegistrar" />
79-->[com.google.firebase:firebase-common:19.5.0] AndroidManifest.xml:45:17-82
80        </service>
81
82        <activity
82-->[com.google.firebase:firebase-auth:20.0.4] AndroidManifest.xml:27:9-44:20
83            android:name="com.google.firebase.auth.internal.GenericIdpActivity"
83-->[com.google.firebase:firebase-auth:20.0.4] AndroidManifest.xml:28:13-80
84            android:excludeFromRecents="true"
84-->[com.google.firebase:firebase-auth:20.0.4] AndroidManifest.xml:29:13-46
85            android:exported="true"
85-->[com.google.firebase:firebase-auth:20.0.4] AndroidManifest.xml:30:13-36
86            android:launchMode="singleTask"
86-->[com.google.firebase:firebase-auth:20.0.4] AndroidManifest.xml:31:13-44
87            android:theme="@android:style/Theme.Translucent.NoTitleBar" >
87-->[com.google.firebase:firebase-auth:20.0.4] AndroidManifest.xml:32:13-72
88            <intent-filter>
88-->[com.google.firebase:firebase-auth:20.0.4] AndroidManifest.xml:33:13-43:29
89                <action android:name="android.intent.action.VIEW" />
89-->[com.google.firebase:firebase-auth:20.0.4] AndroidManifest.xml:34:17-69
89-->[com.google.firebase:firebase-auth:20.0.4] AndroidManifest.xml:34:25-66
90
91                <category android:name="android.intent.category.DEFAULT" />
91-->[com.google.firebase:firebase-auth:20.0.4] AndroidManifest.xml:36:17-76
91-->[com.google.firebase:firebase-auth:20.0.4] AndroidManifest.xml:36:27-73
92                <category android:name="android.intent.category.BROWSABLE" />
92-->[com.google.firebase:firebase-auth:20.0.4] AndroidManifest.xml:37:17-78
92-->[com.google.firebase:firebase-auth:20.0.4] AndroidManifest.xml:37:27-75
93
94                <data
94-->[com.google.firebase:firebase-auth:20.0.4] AndroidManifest.xml:39:17-42:51
95                    android:host="firebase.auth"
95-->[com.google.firebase:firebase-auth:20.0.4] AndroidManifest.xml:40:21-49
96                    android:path="/"
96-->[com.google.firebase:firebase-auth:20.0.4] AndroidManifest.xml:41:21-37
97                    android:scheme="genericidp" />
97-->[com.google.firebase:firebase-auth:20.0.4] AndroidManifest.xml:42:21-48
98            </intent-filter>
99        </activity>
100        <activity
100-->[com.google.firebase:firebase-auth:20.0.4] AndroidManifest.xml:45:9-62:20
101            android:name="com.google.firebase.auth.internal.RecaptchaActivity"
101-->[com.google.firebase:firebase-auth:20.0.4] AndroidManifest.xml:46:13-79
102            android:excludeFromRecents="true"
102-->[com.google.firebase:firebase-auth:20.0.4] AndroidManifest.xml:47:13-46
103            android:exported="true"
103-->[com.google.firebase:firebase-auth:20.0.4] AndroidManifest.xml:48:13-36
104            android:launchMode="singleTask"
104-->[com.google.firebase:firebase-auth:20.0.4] AndroidManifest.xml:49:13-44
105            android:theme="@android:style/Theme.Translucent.NoTitleBar" >
105-->[com.google.firebase:firebase-auth:20.0.4] AndroidManifest.xml:50:13-72
106            <intent-filter>
106-->[com.google.firebase:firebase-auth:20.0.4] AndroidManifest.xml:51:13-61:29
107                <action android:name="android.intent.action.VIEW" />
107-->[com.google.firebase:firebase-auth:20.0.4] AndroidManifest.xml:34:17-69
107-->[com.google.firebase:firebase-auth:20.0.4] AndroidManifest.xml:34:25-66
108
109                <category android:name="android.intent.category.DEFAULT" />
109-->[com.google.firebase:firebase-auth:20.0.4] AndroidManifest.xml:36:17-76
109-->[com.google.firebase:firebase-auth:20.0.4] AndroidManifest.xml:36:27-73
110                <category android:name="android.intent.category.BROWSABLE" />
110-->[com.google.firebase:firebase-auth:20.0.4] AndroidManifest.xml:37:17-78
110-->[com.google.firebase:firebase-auth:20.0.4] AndroidManifest.xml:37:27-75
111
112                <data
112-->[com.google.firebase:firebase-auth:20.0.4] AndroidManifest.xml:39:17-42:51
113                    android:host="firebase.auth"
113-->[com.google.firebase:firebase-auth:20.0.4] AndroidManifest.xml:40:21-49
114                    android:path="/"
114-->[com.google.firebase:firebase-auth:20.0.4] AndroidManifest.xml:41:21-37
115                    android:scheme="recaptcha" />
115-->[com.google.firebase:firebase-auth:20.0.4] AndroidManifest.xml:42:21-48
116            </intent-filter>
117        </activity>
118
119        <service
119-->[com.google.firebase:firebase-auth:20.0.4] AndroidManifest.xml:64:9-73:19
120            android:name="com.google.firebase.auth.api.fallback.service.FirebaseAuthFallbackService"
120-->[com.google.firebase:firebase-auth:20.0.4] AndroidManifest.xml:65:13-101
121            android:enabled="true"
121-->[com.google.firebase:firebase-auth:20.0.4] AndroidManifest.xml:66:13-35
122            android:exported="false" >
122-->[com.google.firebase:firebase-auth:20.0.4] AndroidManifest.xml:67:13-37
123            <intent-filter>
123-->[com.google.firebase:firebase-auth:20.0.4] AndroidManifest.xml:68:13-72:29
124                <action android:name="com.google.firebase.auth.api.gms.service.START" />
124-->[com.google.firebase:firebase-auth:20.0.4] AndroidManifest.xml:69:17-89
124-->[com.google.firebase:firebase-auth:20.0.4] AndroidManifest.xml:69:25-86
125
126                <category android:name="android.intent.category.DEFAULT" />
126-->[com.google.firebase:firebase-auth:20.0.4] AndroidManifest.xml:36:17-76
126-->[com.google.firebase:firebase-auth:20.0.4] AndroidManifest.xml:36:27-73
127            </intent-filter>
128        </service>
129
130        <provider
130-->[com.squareup.picasso:picasso:2.71828] AndroidManifest.xml:8:9-11:40
131            android:name="com.squareup.picasso.PicassoProvider"
131-->[com.squareup.picasso:picasso:2.71828] AndroidManifest.xml:9:13-64
132            android:authorities="com.example.edith.com.squareup.picasso"
132-->[com.squareup.picasso:picasso:2.71828] AndroidManifest.xml:10:13-72
133            android:exported="false" />
133-->[com.squareup.picasso:picasso:2.71828] AndroidManifest.xml:11:13-37
134        <provider
134-->[com.google.firebase:firebase-common:19.5.0] AndroidManifest.xml:26:9-31:39
135            android:name="com.google.firebase.provider.FirebaseInitProvider"
135-->[com.google.firebase:firebase-common:19.5.0] AndroidManifest.xml:27:13-77
136            android:authorities="com.example.edith.firebaseinitprovider"
136-->[com.google.firebase:firebase-common:19.5.0] AndroidManifest.xml:28:13-72
137            android:directBootAware="true"
137-->[com.google.firebase:firebase-common:19.5.0] AndroidManifest.xml:29:13-43
138            android:exported="false"
138-->[com.google.firebase:firebase-common:19.5.0] AndroidManifest.xml:30:13-37
139            android:initOrder="100" />
139-->[com.google.firebase:firebase-common:19.5.0] AndroidManifest.xml:31:13-36
140
141        <activity
141-->[com.google.android.gms:play-services-base:17.1.0] AndroidManifest.xml:23:9-26:75
142            android:name="com.google.android.gms.common.api.GoogleApiActivity"
142-->[com.google.android.gms:play-services-base:17.1.0] AndroidManifest.xml:24:13-79
143            android:exported="false"
143-->[com.google.android.gms:play-services-base:17.1.0] AndroidManifest.xml:25:13-37
144            android:theme="@android:style/Theme.Translucent.NoTitleBar" />
144-->[com.google.android.gms:play-services-base:17.1.0] AndroidManifest.xml:26:13-72
145
146        <receiver
146-->[com.google.android.gms:play-services-measurement:18.0.2] AndroidManifest.xml:29:9-33:20
147            android:name="com.google.android.gms.measurement.AppMeasurementReceiver"
147-->[com.google.android.gms:play-services-measurement:18.0.2] AndroidManifest.xml:30:13-85
148            android:enabled="true"
148-->[com.google.android.gms:play-services-measurement:18.0.2] AndroidManifest.xml:31:13-35
149            android:exported="false" >
149-->[com.google.android.gms:play-services-measurement:18.0.2] AndroidManifest.xml:32:13-37
150        </receiver>
151
152        <service
152-->[com.google.android.gms:play-services-measurement:18.0.2] AndroidManifest.xml:35:9-38:40
153            android:name="com.google.android.gms.measurement.AppMeasurementService"
153-->[com.google.android.gms:play-services-measurement:18.0.2] AndroidManifest.xml:36:13-84
154            android:enabled="true"
154-->[com.google.android.gms:play-services-measurement:18.0.2] AndroidManifest.xml:37:13-35
155            android:exported="false" />
155-->[com.google.android.gms:play-services-measurement:18.0.2] AndroidManifest.xml:38:13-37
156        <service
156-->[com.google.android.gms:play-services-measurement:18.0.2] AndroidManifest.xml:39:9-43:72
157            android:name="com.google.android.gms.measurement.AppMeasurementJobService"
157-->[com.google.android.gms:play-services-measurement:18.0.2] AndroidManifest.xml:40:13-87
158            android:enabled="true"
158-->[com.google.android.gms:play-services-measurement:18.0.2] AndroidManifest.xml:41:13-35
159            android:exported="false"
159-->[com.google.android.gms:play-services-measurement:18.0.2] AndroidManifest.xml:42:13-37
160            android:permission="android.permission.BIND_JOB_SERVICE" />
160-->[com.google.android.gms:play-services-measurement:18.0.2] AndroidManifest.xml:43:13-69
161
162        <meta-data
162-->[com.google.android.gms:play-services-basement:17.1.0] AndroidManifest.xml:23:9-25:69
163            android:name="com.google.android.gms.version"
163-->[com.google.android.gms:play-services-basement:17.1.0] AndroidManifest.xml:24:13-58
164            android:value="@integer/google_play_services_version" />
164-->[com.google.android.gms:play-services-basement:17.1.0] AndroidManifest.xml:25:13-66
165    </application>
166
167</manifest>